[1.381s] DEBUG:colcon:Command line arguments: ['/usr/bin/colcon', 'build', '--symlink-install']
[1.382s] DEBUG:colcon:Parsed command line arguments: Namespace(log_base=None, log_level=None, verb_name='build', build_base='build', install_base='install', merge_install=False, symlink_install=True, test_result_base=None, continue_on_error=False, executor='parallel', parallel_workers=4, event_handlers=None, ignore_user_meta=False, metas=['./colcon.meta'], base_paths=['.'], packages_ignore=None, packages_ignore_regex=None, paths=None, packages_up_to=None, packages_up_to_regex=None, packages_above=None, packages_above_and_dependencies=None, packages_above_depth=None, packages_select_by_dep=None, packages_skip_by_dep=None, packages_skip_up_to=None, packages_select_build_failed=False, packages_skip_build_finished=False, packages_select_test_failures=False, packages_skip_test_passed=False, packages_select=None, packages_skip=None, packages_select_regex=None, packages_skip_regex=None, packages_start=None, packages_end=None, allow_overriding=[], cmake_args=None, cmake_target=None, cmake_target_skip_unavailable=False, cmake_clean_cache=False, cmake_clean_first=False, cmake_force_configure=False, ament_cmake_args=None, catkin_cmake_args=None, catkin_skip_building_tests=False, mixin_files=None, mixin=None, verb_parser=<colcon_mixin.mixin.mixin_argument.MixinArgumentDecorator object at 0xffff823869e0>, verb_extension=<colcon_core.verb.build.BuildVerb object at 0xffff82477970>, main=<bound method BuildVerb.main of <colcon_core.verb.build.BuildVerb object at 0xffff82477970>>, mixin_verb=('build',))
[3.678s] Level 1:colcon.colcon_core.package_discovery:discover_packages(colcon_meta) check parameters
[3.679s] Level 1:colcon.colcon_core.package_discovery:discover_packages(recursive) check parameters
[3.679s] Level 1:colcon.colcon_core.package_discovery:discover_packages(ignore) check parameters
[3.680s] Level 1:colcon.colcon_core.package_discovery:discover_packages(path) check parameters
[3.680s] Level 1:colcon.colcon_core.package_discovery:discover_packages(colcon_meta) discover
[3.680s] Level 1:colcon.colcon_core.package_discovery:discover_packages(recursive) discover
[3.681s] INFO:colcon.colcon_core.package_discovery:Crawling recursively for packages in '/home/fola/bot_ws/src/my_bot'
[3.683s] Level 1:colcon.colcon_core.package_identification:_identify(.) by extensions ['ignore', 'ignore_ament_install']
[3.684s] Level 1:colcon.colcon_core.package_identification:_identify(.) by extension 'ignore'
[3.685s] Level 1:colcon.colcon_core.package_identification:_identify(.) by extension 'ignore_ament_install'
[3.686s] Level 1:colcon.colcon_core.package_identification:_identify(.) by extensions ['colcon_pkg']
[3.687s] Level 1:colcon.colcon_core.package_identification:_identify(.) by extension 'colcon_pkg'
[3.688s] Level 1:colcon.colcon_core.package_identification:_identify(.) by extensions ['colcon_meta']
[3.688s] Level 1:colcon.colcon_core.package_identification:_identify(.) by extension 'colcon_meta'
[3.690s] Level 1:colcon.colcon_core.package_identification:_identify(.) by extensions ['ros']
[3.690s] Level 1:colcon.colcon_core.package_identification:_identify(.) by extension 'ros'
[3.804s] DEBUG:colcon.colcon_core.package_identification:Package '.' with type 'ros.ament_cmake' and name 'my_bot'
[3.805s] Level 1:colcon.colcon_core.package_discovery:discover_packages(recursive) using defaults
[3.805s] Level 1:colcon.colcon_core.package_discovery:discover_packages(ignore) discover
[3.806s] Level 1:colcon.colcon_core.package_discovery:discover_packages(ignore) using defaults
[3.806s] Level 1:colcon.colcon_core.package_discovery:discover_packages(path) discover
[3.806s] Level 1:colcon.colcon_core.package_discovery:discover_packages(path) using defaults
[4.084s] Level 1:colcon.colcon_core.package_discovery:discover_packages(prefix_path) check parameters
[4.085s] Level 1:colcon.colcon_core.package_discovery:discover_packages(prefix_path) discover
[4.127s] DEBUG:colcon.colcon_installed_package_information.package_discovery:Found 6 installed packages in /home/fola/bot_ws/install
[4.145s] DEBUG:colcon.colcon_installed_package_information.package_discovery:Found 373 installed packages in /opt/ros/humble
[4.156s] Level 1:colcon.colcon_core.package_discovery:discover_packages(prefix_path) using defaults
[4.781s] Level 5:colcon.colcon_core.verb:set package 'my_bot' build argument 'cmake_args' from command line to 'None'
[4.782s] Level 5:colcon.colcon_core.verb:set package 'my_bot' build argument 'cmake_target' from command line to 'None'
[4.782s] Level 5:colcon.colcon_core.verb:set package 'my_bot' build argument 'cmake_target_skip_unavailable' from command line to 'False'
[4.783s] Level 5:colcon.colcon_core.verb:set package 'my_bot' build argument 'cmake_clean_cache' from command line to 'False'
[4.783s] Level 5:colcon.colcon_core.verb:set package 'my_bot' build argument 'cmake_clean_first' from command line to 'False'
[4.783s] Level 5:colcon.colcon_core.verb:set package 'my_bot' build argument 'cmake_force_configure' from command line to 'False'
[4.783s] Level 5:colcon.colcon_core.verb:set package 'my_bot' build argument 'ament_cmake_args' from command line to 'None'
[4.784s] Level 5:colcon.colcon_core.verb:set package 'my_bot' build argument 'catkin_cmake_args' from command line to 'None'
[4.784s] Level 5:colcon.colcon_core.verb:set package 'my_bot' build argument 'catkin_skip_building_tests' from command line to 'False'
[4.784s] DEBUG:colcon.colcon_core.verb:Building package 'my_bot' with the following arguments: {'ament_cmake_args': None, 'build_base': '/home/fola/bot_ws/src/my_bot/build/my_bot', 'catkin_cmake_args': None, 'catkin_skip_building_tests': False, 'cmake_args': None, 'cmake_clean_cache': False, 'cmake_clean_first': False, 'cmake_force_configure': False, 'cmake_target': None, 'cmake_target_skip_unavailable': False, 'install_base': '/home/fola/bot_ws/src/my_bot/install/my_bot', 'merge_install': False, 'path': '/home/fola/bot_ws/src/my_bot', 'symlink_install': True, 'test_result_base': None}
[4.786s] INFO:colcon.colcon_core.executor:Executing jobs using 'parallel' executor
[4.795s] DEBUG:colcon.colcon_parallel_executor.executor.parallel:run_until_complete
[4.797s] INFO:colcon.colcon_ros.task.ament_cmake.build:Building ROS package in '/home/fola/bot_ws/src/my_bot' with build type 'ament_cmake'
[4.799s] INFO:colcon.colcon_cmake.task.cmake.build:Building CMake package in '/home/fola/bot_ws/src/my_bot'
[4.850s] INFO:colcon.colcon_core.plugin_system:Skipping extension 'colcon_core.shell.bat': Not used on non-Windows systems
[4.852s] INFO:colcon.colcon_core.shell:Skip shell extension 'powershell' for command environment: Not usable outside of PowerShell
[4.853s] DEBUG:colcon.colcon_core.shell:Skip shell extension 'dsv' for command environment
[4.953s] DEBUG:colcon.colcon_core.event_handler.log_command:Invoking command in '/home/fola/bot_ws/src/my_bot/build/my_bot': CMAKE_PREFIX_PATH=${CMAKE_PREFIX_PATH}:/home/fola/bot_ws/install/serial_motor_demo:/opt/ros/humble /usr/bin/cmake /home/fola/bot_ws/src/my_bot -DAMENT_CMAKE_SYMLINK_INSTALL=1 -DCMAKE_INSTALL_PREFIX=/home/fola/bot_ws/src/my_bot/install/my_bot
[15.112s] DEBUG:colcon.colcon_core.event_handler.log_command:Invoked command in '/home/fola/bot_ws/src/my_bot/build/my_bot' returned '0': CMAKE_PREFIX_PATH=${CMAKE_PREFIX_PATH}:/home/fola/bot_ws/install/serial_motor_demo:/opt/ros/humble /usr/bin/cmake /home/fola/bot_ws/src/my_bot -DAMENT_CMAKE_SYMLINK_INSTALL=1 -DCMAKE_INSTALL_PREFIX=/home/fola/bot_ws/src/my_bot/install/my_bot
[15.151s] DEBUG:colcon.colcon_core.event_handler.log_command:Invoking command in '/home/fola/bot_ws/src/my_bot/build/my_bot': CMAKE_PREFIX_PATH=${CMAKE_PREFIX_PATH}:/home/fola/bot_ws/install/serial_motor_demo:/opt/ros/humble /usr/bin/cmake --build /home/fola/bot_ws/src/my_bot/build/my_bot -- -j4 -l4
[15.707s] DEBUG:colcon.colcon_core.event_handler.log_command:Invoked command in '/home/fola/bot_ws/src/my_bot/build/my_bot' returned '0': CMAKE_PREFIX_PATH=${CMAKE_PREFIX_PATH}:/home/fola/bot_ws/install/serial_motor_demo:/opt/ros/humble /usr/bin/cmake --build /home/fola/bot_ws/src/my_bot/build/my_bot -- -j4 -l4
[15.829s] DEBUG:colcon.colcon_core.event_handler.log_command:Invoking command in '/home/fola/bot_ws/src/my_bot/build/my_bot': CMAKE_PREFIX_PATH=${CMAKE_PREFIX_PATH}:/home/fola/bot_ws/install/serial_motor_demo:/opt/ros/humble /usr/bin/cmake --install /home/fola/bot_ws/src/my_bot/build/my_bot
[18.596s] Level 1:colcon.colcon_core.environment:create_environment_scripts_only(my_bot)
[18.602s] DEBUG:colcon.colcon_core.event_handler.log_command:Invoked command in '/home/fola/bot_ws/src/my_bot/build/my_bot' returned '0': CMAKE_PREFIX_PATH=${CMAKE_PREFIX_PATH}:/home/fola/bot_ws/install/serial_motor_demo:/opt/ros/humble /usr/bin/cmake --install /home/fola/bot_ws/src/my_bot/build/my_bot
[18.669s] Level 1:colcon.colcon_core.environment:checking '/home/fola/bot_ws/src/my_bot/install/my_bot' for CMake module files
[18.675s] Level 1:colcon.colcon_core.environment:checking '/home/fola/bot_ws/src/my_bot/install/my_bot' for CMake config files
[18.679s] Level 1:colcon.colcon_core.shell:create_environment_hook('my_bot', 'cmake_prefix_path')
[18.681s] INFO:colcon.colcon_core.shell:Creating environment hook '/home/fola/bot_ws/src/my_bot/install/my_bot/share/my_bot/hook/cmake_prefix_path.ps1'
[18.691s] INFO:colcon.colcon_core.shell:Creating environment descriptor '/home/fola/bot_ws/src/my_bot/install/my_bot/share/my_bot/hook/cmake_prefix_path.dsv'
[18.701s] INFO:colcon.colcon_core.shell:Creating environment hook '/home/fola/bot_ws/src/my_bot/install/my_bot/share/my_bot/hook/cmake_prefix_path.sh'
[18.714s] Level 1:colcon.colcon_core.environment:checking '/home/fola/bot_ws/src/my_bot/install/my_bot/bin'
[18.715s] Level 1:colcon.colcon_core.environment:checking '/home/fola/bot_ws/src/my_bot/install/my_bot/lib/pkgconfig/my_bot.pc'
[18.718s] Level 1:colcon.colcon_core.environment:checking '/home/fola/bot_ws/src/my_bot/install/my_bot/lib/python3.10/site-packages'
[18.721s] Level 1:colcon.colcon_core.environment:checking '/home/fola/bot_ws/src/my_bot/install/my_bot/bin'
[18.726s] INFO:colcon.colcon_core.shell:Creating package script '/home/fola/bot_ws/src/my_bot/install/my_bot/share/my_bot/package.ps1'
[18.736s] INFO:colcon.colcon_core.shell:Creating package descriptor '/home/fola/bot_ws/src/my_bot/install/my_bot/share/my_bot/package.dsv'
[18.746s] INFO:colcon.colcon_core.shell:Creating package script '/home/fola/bot_ws/src/my_bot/install/my_bot/share/my_bot/package.sh'
[18.756s] INFO:colcon.colcon_core.shell:Creating package script '/home/fola/bot_ws/src/my_bot/install/my_bot/share/my_bot/package.bash'
[18.766s] INFO:colcon.colcon_core.shell:Creating package script '/home/fola/bot_ws/src/my_bot/install/my_bot/share/my_bot/package.zsh'
[18.778s] Level 1:colcon.colcon_core.environment:create_file_with_runtime_dependencies(/home/fola/bot_ws/src/my_bot/install/my_bot/share/colcon-core/packages/my_bot)
[18.787s] Level 1:colcon.colcon_core.environment:create_environment_scripts_only(my_bot)
[18.790s] Level 1:colcon.colcon_core.environment:checking '/home/fola/bot_ws/src/my_bot/install/my_bot' for CMake module files
[18.796s] Level 1:colcon.colcon_core.environment:checking '/home/fola/bot_ws/src/my_bot/install/my_bot' for CMake config files
[18.800s] Level 1:colcon.colcon_core.shell:create_environment_hook('my_bot', 'cmake_prefix_path')
[18.801s] INFO:colcon.colcon_core.shell:Creating environment hook '/home/fola/bot_ws/src/my_bot/install/my_bot/share/my_bot/hook/cmake_prefix_path.ps1'
[18.807s] INFO:colcon.colcon_core.shell:Creating environment descriptor '/home/fola/bot_ws/src/my_bot/install/my_bot/share/my_bot/hook/cmake_prefix_path.dsv'
[18.813s] INFO:colcon.colcon_core.shell:Creating environment hook '/home/fola/bot_ws/src/my_bot/install/my_bot/share/my_bot/hook/cmake_prefix_path.sh'
[18.824s] Level 1:colcon.colcon_core.environment:checking '/home/fola/bot_ws/src/my_bot/install/my_bot/bin'
[18.825s] Level 1:colcon.colcon_core.environment:checking '/home/fola/bot_ws/src/my_bot/install/my_bot/lib/pkgconfig/my_bot.pc'
[18.828s] Level 1:colcon.colcon_core.environment:checking '/home/fola/bot_ws/src/my_bot/install/my_bot/lib/python3.10/site-packages'
[18.830s] Level 1:colcon.colcon_core.environment:checking '/home/fola/bot_ws/src/my_bot/install/my_bot/bin'
[18.833s] INFO:colcon.colcon_core.shell:Creating package script '/home/fola/bot_ws/src/my_bot/install/my_bot/share/my_bot/package.ps1'
[18.840s] INFO:colcon.colcon_core.shell:Creating package descriptor '/home/fola/bot_ws/src/my_bot/install/my_bot/share/my_bot/package.dsv'
[18.845s] INFO:colcon.colcon_core.shell:Creating package script '/home/fola/bot_ws/src/my_bot/install/my_bot/share/my_bot/package.sh'
[18.852s] INFO:colcon.colcon_core.shell:Creating package script '/home/fola/bot_ws/src/my_bot/install/my_bot/share/my_bot/package.bash'
[18.860s] INFO:colcon.colcon_core.shell:Creating package script '/home/fola/bot_ws/src/my_bot/install/my_bot/share/my_bot/package.zsh'
[18.866s] Level 1:colcon.colcon_core.environment:create_file_with_runtime_dependencies(/home/fola/bot_ws/src/my_bot/install/my_bot/share/colcon-core/packages/my_bot)
[18.868s] DEBUG:colcon.colcon_parallel_executor.executor.parallel:closing loop
[18.871s] DEBUG:colcon.colcon_parallel_executor.executor.parallel:loop closed
[18.872s] DEBUG:colcon.colcon_parallel_executor.executor.parallel:run_until_complete finished with '0'
[18.873s] DEBUG:colcon.colcon_core.event_reactor:joining thread
[18.957s] INFO:colcon.colcon_core.plugin_system:Skipping extension 'colcon_notification.desktop_notification.terminal_notifier': Not used on non-Darwin systems
[18.958s] INFO:colcon.colcon_core.plugin_system:Skipping extension 'colcon_notification.desktop_notification.win32': Not used on non-Windows systems
[18.959s] INFO:colcon.colcon_notification.desktop_notification:Sending desktop notification using 'notify2'
[19.121s] DEBUG:colcon.colcon_core.event_reactor:joined thread
[19.123s] INFO:colcon.colcon_core.shell:Creating prefix script '/home/fola/bot_ws/src/my_bot/install/local_setup.ps1'
[19.129s] INFO:colcon.colcon_core.shell:Creating prefix util module '/home/fola/bot_ws/src/my_bot/install/_local_setup_util_ps1.py'
[19.142s] INFO:colcon.colcon_core.shell:Creating prefix chain script '/home/fola/bot_ws/src/my_bot/install/setup.ps1'
[19.153s] INFO:colcon.colcon_core.shell:Creating prefix script '/home/fola/bot_ws/src/my_bot/install/local_setup.sh'
[19.158s] INFO:colcon.colcon_core.shell:Creating prefix util module '/home/fola/bot_ws/src/my_bot/install/_local_setup_util_sh.py'
[19.162s] INFO:colcon.colcon_core.shell:Creating prefix chain script '/home/fola/bot_ws/src/my_bot/install/setup.sh'
[19.177s] INFO:colcon.colcon_core.shell:Creating prefix script '/home/fola/bot_ws/src/my_bot/install/local_setup.bash'
[19.183s] INFO:colcon.colcon_core.shell:Creating prefix chain script '/home/fola/bot_ws/src/my_bot/install/setup.bash'
[19.196s] INFO:colcon.colcon_core.shell:Creating prefix script '/home/fola/bot_ws/src/my_bot/install/local_setup.zsh'
[19.201s] INFO:colcon.colcon_core.shell:Creating prefix chain script '/home/fola/bot_ws/src/my_bot/install/setup.zsh'
