[0.523s] DEBUG:colcon:Command line arguments: ['/usr/bin/colcon', 'build', '--symlink-install']
[0.523s] DEBUG:colcon:Parsed command line arguments: Namespace(log_base=None, log_level=None, verb_name='build', build_base='build', install_base='install', merge_install=False, symlink_install=True, test_result_base=None, continue_on_error=False, executor='parallel', parallel_workers=4, event_handlers=None, ignore_user_meta=False, metas=['./colcon.meta'], base_paths=['.'], packages_ignore=None, packages_ignore_regex=None, paths=None, packages_up_to=None, packages_up_to_regex=None, packages_above=None, packages_above_and_dependencies=None, packages_above_depth=None, packages_select_by_dep=None, packages_skip_by_dep=None, packages_skip_up_to=None, packages_select_build_failed=False, packages_skip_build_finished=False, packages_select_test_failures=False, packages_skip_test_passed=False, packages_select=None, packages_skip=None, packages_select_regex=None, packages_skip_regex=None, packages_start=None, packages_end=None, allow_overriding=[], cmake_args=None, cmake_target=None, cmake_target_skip_unavailable=False, cmake_clean_cache=False, cmake_clean_first=False, cmake_force_configure=False, ament_cmake_args=None, catkin_cmake_args=None, catkin_skip_building_tests=False, mixin_files=None, mixin=None, verb_parser=<colcon_mixin.mixin.mixin_argument.MixinArgumentDecorator object at 0xffff87c3a350>, verb_extension=<colcon_core.verb.build.BuildVerb object at 0xffff87d2f2e0>, main=<bound method BuildVerb.main of <colcon_core.verb.build.BuildVerb object at 0xffff87d2f2e0>>, mixin_verb=('build',))
[1.341s] Level 1:colcon.colcon_core.package_discovery:discover_packages(colcon_meta) check parameters
[1.342s] Level 1:colcon.colcon_core.package_discovery:discover_packages(recursive) check parameters
[1.342s] Level 1:colcon.colcon_core.package_discovery:discover_packages(ignore) check parameters
[1.342s] Level 1:colcon.colcon_core.package_discovery:discover_packages(path) check parameters
[1.342s] Level 1:colcon.colcon_core.package_discovery:discover_packages(colcon_meta) discover
[1.342s] Level 1:colcon.colcon_core.package_discovery:discover_packages(recursive) discover
[1.342s] INFO:colcon.colcon_core.package_discovery:Crawling recursively for packages in '/home/fola/bot_ws/src/my_bot'
[1.343s] Level 1:colcon.colcon_core.package_identification:_identify(.) by extensions ['ignore', 'ignore_ament_install']
[1.343s] Level 1:colcon.colcon_core.package_identification:_identify(.) by extension 'ignore'
[1.344s] Level 1:colcon.colcon_core.package_identification:_identify(.) by extension 'ignore_ament_install'
[1.344s] Level 1:colcon.colcon_core.package_identification:_identify(.) by extensions ['colcon_pkg']
[1.344s] Level 1:colcon.colcon_core.package_identification:_identify(.) by extension 'colcon_pkg'
[1.344s] Level 1:colcon.colcon_core.package_identification:_identify(.) by extensions ['colcon_meta']
[1.344s] Level 1:colcon.colcon_core.package_identification:_identify(.) by extension 'colcon_meta'
[1.344s] Level 1:colcon.colcon_core.package_identification:_identify(.) by extensions ['ros']
[1.344s] Level 1:colcon.colcon_core.package_identification:_identify(.) by extension 'ros'
[1.395s] DEBUG:colcon.colcon_core.package_identification:Package '.' with type 'ros.ament_cmake' and name 'my_bot'
[1.395s] Level 1:colcon.colcon_core.package_discovery:discover_packages(recursive) using defaults
[1.395s] Level 1:colcon.colcon_core.package_discovery:discover_packages(ignore) discover
[1.395s] Level 1:colcon.colcon_core.package_discovery:discover_packages(ignore) using defaults
[1.395s] Level 1:colcon.colcon_core.package_discovery:discover_packages(path) discover
[1.395s] Level 1:colcon.colcon_core.package_discovery:discover_packages(path) using defaults
[1.512s] Level 1:colcon.colcon_core.package_discovery:discover_packages(prefix_path) check parameters
[1.513s] Level 1:colcon.colcon_core.package_discovery:discover_packages(prefix_path) discover
[1.530s] DEBUG:colcon.colcon_installed_package_information.package_discovery:Found 6 installed packages in /home/fola/bot_ws/install
[1.543s] DEBUG:colcon.colcon_installed_package_information.package_discovery:Found 373 installed packages in /opt/ros/humble
[1.552s] Level 1:colcon.colcon_core.package_discovery:discover_packages(prefix_path) using defaults
[1.786s] Level 5:colcon.colcon_core.verb:set package 'my_bot' build argument 'cmake_args' from command line to 'None'
[1.787s] Level 5:colcon.colcon_core.verb:set package 'my_bot' build argument 'cmake_target' from command line to 'None'
[1.787s] Level 5:colcon.colcon_core.verb:set package 'my_bot' build argument 'cmake_target_skip_unavailable' from command line to 'False'
[1.787s] Level 5:colcon.colcon_core.verb:set package 'my_bot' build argument 'cmake_clean_cache' from command line to 'False'
[1.787s] Level 5:colcon.colcon_core.verb:set package 'my_bot' build argument 'cmake_clean_first' from command line to 'False'
[1.787s] Level 5:colcon.colcon_core.verb:set package 'my_bot' build argument 'cmake_force_configure' from command line to 'False'
[1.787s] Level 5:colcon.colcon_core.verb:set package 'my_bot' build argument 'ament_cmake_args' from command line to 'None'
[1.787s] Level 5:colcon.colcon_core.verb:set package 'my_bot' build argument 'catkin_cmake_args' from command line to 'None'
[1.787s] Level 5:colcon.colcon_core.verb:set package 'my_bot' build argument 'catkin_skip_building_tests' from command line to 'False'
[1.788s] DEBUG:colcon.colcon_core.verb:Building package 'my_bot' with the following arguments: {'ament_cmake_args': None, 'build_base': '/home/fola/bot_ws/src/my_bot/build/my_bot', 'catkin_cmake_args': None, 'catkin_skip_building_tests': False, 'cmake_args': None, 'cmake_clean_cache': False, 'cmake_clean_first': False, 'cmake_force_configure': False, 'cmake_target': None, 'cmake_target_skip_unavailable': False, 'install_base': '/home/fola/bot_ws/src/my_bot/install/my_bot', 'merge_install': False, 'path': '/home/fola/bot_ws/src/my_bot', 'symlink_install': True, 'test_result_base': None}
[1.788s] INFO:colcon.colcon_core.executor:Executing jobs using 'parallel' executor
[1.791s] DEBUG:colcon.colcon_parallel_executor.executor.parallel:run_until_complete
[1.792s] INFO:colcon.colcon_ros.task.ament_cmake.build:Building ROS package in '/home/fola/bot_ws/src/my_bot' with build type 'ament_cmake'
[1.792s] INFO:colcon.colcon_cmake.task.cmake.build:Building CMake package in '/home/fola/bot_ws/src/my_bot'
[1.814s] INFO:colcon.colcon_core.plugin_system:Skipping extension 'colcon_core.shell.bat': Not used on non-Windows systems
[1.815s] INFO:colcon.colcon_core.shell:Skip shell extension 'powershell' for command environment: Not usable outside of PowerShell
[1.815s] DEBUG:colcon.colcon_core.shell:Skip shell extension 'dsv' for command environment
[1.864s] DEBUG:colcon.colcon_core.event_handler.log_command:Invoking command in '/home/fola/bot_ws/src/my_bot/build/my_bot': CMAKE_PREFIX_PATH=${CMAKE_PREFIX_PATH}:/home/fola/bot_ws/install/serial_motor_demo:/opt/ros/humble /usr/bin/cmake --build /home/fola/bot_ws/src/my_bot/build/my_bot -- -j4 -l4
[2.298s] DEBUG:colcon.colcon_core.event_handler.log_command:Invoked command in '/home/fola/bot_ws/src/my_bot/build/my_bot' returned '0': CMAKE_PREFIX_PATH=${CMAKE_PREFIX_PATH}:/home/fola/bot_ws/install/serial_motor_demo:/opt/ros/humble /usr/bin/cmake --build /home/fola/bot_ws/src/my_bot/build/my_bot -- -j4 -l4
[2.342s] DEBUG:colcon.colcon_core.event_handler.log_command:Invoking command in '/home/fola/bot_ws/src/my_bot/build/my_bot': CMAKE_PREFIX_PATH=${CMAKE_PREFIX_PATH}:/home/fola/bot_ws/install/serial_motor_demo:/opt/ros/humble /usr/bin/cmake --install /home/fola/bot_ws/src/my_bot/build/my_bot
[2.467s] Level 1:colcon.colcon_core.environment:create_environment_scripts_only(my_bot)
[2.469s] DEBUG:colcon.colcon_core.event_handler.log_command:Invoked command in '/home/fola/bot_ws/src/my_bot/build/my_bot' returned '0': CMAKE_PREFIX_PATH=${CMAKE_PREFIX_PATH}:/home/fola/bot_ws/install/serial_motor_demo:/opt/ros/humble /usr/bin/cmake --install /home/fola/bot_ws/src/my_bot/build/my_bot
[2.494s] Level 1:colcon.colcon_core.environment:checking '/home/fola/bot_ws/src/my_bot/install/my_bot' for CMake module files
[2.498s] Level 1:colcon.colcon_core.environment:checking '/home/fola/bot_ws/src/my_bot/install/my_bot' for CMake config files
[2.501s] Level 1:colcon.colcon_core.shell:create_environment_hook('my_bot', 'cmake_prefix_path')
[2.502s] INFO:colcon.colcon_core.shell:Creating environment hook '/home/fola/bot_ws/src/my_bot/install/my_bot/share/my_bot/hook/cmake_prefix_path.ps1'
[2.506s] INFO:colcon.colcon_core.shell:Creating environment descriptor '/home/fola/bot_ws/src/my_bot/install/my_bot/share/my_bot/hook/cmake_prefix_path.dsv'
[2.510s] INFO:colcon.colcon_core.shell:Creating environment hook '/home/fola/bot_ws/src/my_bot/install/my_bot/share/my_bot/hook/cmake_prefix_path.sh'
[2.515s] Level 1:colcon.colcon_core.environment:checking '/home/fola/bot_ws/src/my_bot/install/my_bot/bin'
[2.515s] Level 1:colcon.colcon_core.environment:checking '/home/fola/bot_ws/src/my_bot/install/my_bot/lib/pkgconfig/my_bot.pc'
[2.516s] Level 1:colcon.colcon_core.environment:checking '/home/fola/bot_ws/src/my_bot/install/my_bot/lib/python3.10/site-packages'
[2.517s] Level 1:colcon.colcon_core.environment:checking '/home/fola/bot_ws/src/my_bot/install/my_bot/bin'
[2.518s] INFO:colcon.colcon_core.shell:Creating package script '/home/fola/bot_ws/src/my_bot/install/my_bot/share/my_bot/package.ps1'
[2.523s] INFO:colcon.colcon_core.shell:Creating package descriptor '/home/fola/bot_ws/src/my_bot/install/my_bot/share/my_bot/package.dsv'
[2.527s] INFO:colcon.colcon_core.shell:Creating package script '/home/fola/bot_ws/src/my_bot/install/my_bot/share/my_bot/package.sh'
[2.531s] INFO:colcon.colcon_core.shell:Creating package script '/home/fola/bot_ws/src/my_bot/install/my_bot/share/my_bot/package.bash'
[2.536s] INFO:colcon.colcon_core.shell:Creating package script '/home/fola/bot_ws/src/my_bot/install/my_bot/share/my_bot/package.zsh'
[2.541s] Level 1:colcon.colcon_core.environment:create_file_with_runtime_dependencies(/home/fola/bot_ws/src/my_bot/install/my_bot/share/colcon-core/packages/my_bot)
[2.544s] Level 1:colcon.colcon_core.environment:create_environment_scripts_only(my_bot)
[2.545s] Level 1:colcon.colcon_core.environment:checking '/home/fola/bot_ws/src/my_bot/install/my_bot' for CMake module files
[2.548s] Level 1:colcon.colcon_core.environment:checking '/home/fola/bot_ws/src/my_bot/install/my_bot' for CMake config files
[2.550s] Level 1:colcon.colcon_core.shell:create_environment_hook('my_bot', 'cmake_prefix_path')
[2.551s] INFO:colcon.colcon_core.shell:Creating environment hook '/home/fola/bot_ws/src/my_bot/install/my_bot/share/my_bot/hook/cmake_prefix_path.ps1'
[2.554s] INFO:colcon.colcon_core.shell:Creating environment descriptor '/home/fola/bot_ws/src/my_bot/install/my_bot/share/my_bot/hook/cmake_prefix_path.dsv'
[2.555s] INFO:colcon.colcon_core.shell:Creating environment hook '/home/fola/bot_ws/src/my_bot/install/my_bot/share/my_bot/hook/cmake_prefix_path.sh'
[2.558s] Level 1:colcon.colcon_core.environment:checking '/home/fola/bot_ws/src/my_bot/install/my_bot/bin'
[2.558s] Level 1:colcon.colcon_core.environment:checking '/home/fola/bot_ws/src/my_bot/install/my_bot/lib/pkgconfig/my_bot.pc'
[2.559s] Level 1:colcon.colcon_core.environment:checking '/home/fola/bot_ws/src/my_bot/install/my_bot/lib/python3.10/site-packages'
[2.560s] Level 1:colcon.colcon_core.environment:checking '/home/fola/bot_ws/src/my_bot/install/my_bot/bin'
[2.561s] INFO:colcon.colcon_core.shell:Creating package script '/home/fola/bot_ws/src/my_bot/install/my_bot/share/my_bot/package.ps1'
[2.563s] INFO:colcon.colcon_core.shell:Creating package descriptor '/home/fola/bot_ws/src/my_bot/install/my_bot/share/my_bot/package.dsv'
[2.566s] INFO:colcon.colcon_core.shell:Creating package script '/home/fola/bot_ws/src/my_bot/install/my_bot/share/my_bot/package.sh'
[2.568s] INFO:colcon.colcon_core.shell:Creating package script '/home/fola/bot_ws/src/my_bot/install/my_bot/share/my_bot/package.bash'
[2.570s] INFO:colcon.colcon_core.shell:Creating package script '/home/fola/bot_ws/src/my_bot/install/my_bot/share/my_bot/package.zsh'
[2.572s] Level 1:colcon.colcon_core.environment:create_file_with_runtime_dependencies(/home/fola/bot_ws/src/my_bot/install/my_bot/share/colcon-core/packages/my_bot)
[2.573s] DEBUG:colcon.colcon_parallel_executor.executor.parallel:closing loop
[2.574s] DEBUG:colcon.colcon_parallel_executor.executor.parallel:loop closed
[2.574s] DEBUG:colcon.colcon_parallel_executor.executor.parallel:run_until_complete finished with '0'
[2.575s] DEBUG:colcon.colcon_core.event_reactor:joining thread
[2.602s] INFO:colcon.colcon_core.plugin_system:Skipping extension 'colcon_notification.desktop_notification.terminal_notifier': Not used on non-Darwin systems
[2.602s] INFO:colcon.colcon_core.plugin_system:Skipping extension 'colcon_notification.desktop_notification.win32': Not used on non-Windows systems
[2.603s] INFO:colcon.colcon_notification.desktop_notification:Sending desktop notification using 'notify2'
[2.655s] DEBUG:colcon.colcon_core.event_reactor:joined thread
[2.656s] INFO:colcon.colcon_core.shell:Creating prefix script '/home/fola/bot_ws/src/my_bot/install/local_setup.ps1'
[2.660s] INFO:colcon.colcon_core.shell:Creating prefix util module '/home/fola/bot_ws/src/my_bot/install/_local_setup_util_ps1.py'
[2.669s] INFO:colcon.colcon_core.shell:Creating prefix chain script '/home/fola/bot_ws/src/my_bot/install/setup.ps1'
[2.678s] INFO:colcon.colcon_core.shell:Creating prefix script '/home/fola/bot_ws/src/my_bot/install/local_setup.sh'
[2.684s] INFO:colcon.colcon_core.shell:Creating prefix util module '/home/fola/bot_ws/src/my_bot/install/_local_setup_util_sh.py'
[2.687s] INFO:colcon.colcon_core.shell:Creating prefix chain script '/home/fola/bot_ws/src/my_bot/install/setup.sh'
[2.694s] INFO:colcon.colcon_core.shell:Creating prefix script '/home/fola/bot_ws/src/my_bot/install/local_setup.bash'
[2.698s] INFO:colcon.colcon_core.shell:Creating prefix chain script '/home/fola/bot_ws/src/my_bot/install/setup.bash'
[2.705s] INFO:colcon.colcon_core.shell:Creating prefix script '/home/fola/bot_ws/src/my_bot/install/local_setup.zsh'
[2.708s] INFO:colcon.colcon_core.shell:Creating prefix chain script '/home/fola/bot_ws/src/my_bot/install/setup.zsh'
